Copyright 1986-2022 Xilinx, Inc. All Rights Reserved.
---------------------------------------------------------------------------------------------------------------------------
| Tool Version : Vivado v.2022.2 (lin64) Build 3671981 Fri Oct 14 04:59:54 MDT 2022
| Date         : Thu Aug  8 16:08:57 2024
| Host         : jaime-laptop running 64-bit Ubuntu 22.04.2 LTS
| Command      : report_drc -file rvfpgabasys3_drc_opted.rpt -pb rvfpgabasys3_drc_opted.pb -rpx rvfpgabasys3_drc_opted.rpx
| Design       : rvfpgabasys3
| Device       : xc7a35tcpg236-1
| Speed File   : -1
| Design State : Synthesized
---------------------------------------------------------------------------------------------------------------------------

Report DRC

Table of Contents
-----------------
1. REPORT SUMMARY
2. REPORT DETAILS

1. REPORT SUMMARY
-----------------
            Netlist: netlist
          Floorplan: design_1
      Design limits: <entire design considered>
           Ruledeck: default
             Max violations: <unlimited>
             Violations found: 62
+-----------+----------+----------------------------+------------+
| Rule      | Severity | Description                | Violations |
+-----------+----------+----------------------------+------------+
| UTLZ-1    | Error    | Resource utilization       | 5          |
| CHECK-3   | Warning  | Report rule limit reached  | 2          |
| DPIP-1    | Warning  | Input pipelining           | 7          |
| DPOP-1    | Warning  | PREG Output pipelining     | 4          |
| DPOP-2    | Warning  | MREG Output pipelining     | 4          |
| REQP-1839 | Warning  | RAMB36 async control check | 20         |
| REQP-1840 | Warning  | RAMB18 async control check | 20         |
+-----------+----------+----------------------------+------------+

2. REPORT DETAILS
-----------------
UTLZ-1#1 Error
Resource utilization  - PBlock:ROOT
LUT as Logic over-utilized in Top Level Design (This design requires more LUT as Logic cells than are available in the target device. This design requires 22943 of such cell types but only 20800 compatible sites are available in the target device. Please analyze your synthesis results and constraints to ensure the design is mapped to Xilinx primitives as expected. If so, please consider targeting a larger device. Please set tcl parameter "drc.disableLUTOverUtilError" to 1 to change this error to warning.)ROOT
Related violations: <none>

UTLZ-1#2 Error
Resource utilization  - PBlock:ROOT
RAMB18 and RAMB36/FIFO over-utilized in Top Level Design (This design requires more RAMB18 and RAMB36/FIFO cells than are available in the target device. This design requires 500 of such cell types but only 100 compatible sites are available in the target device. Please analyze your synthesis results and constraints to ensure the design is mapped to Xilinx primitives as expected. If so, please consider targeting a larger device.)ROOT
Related violations: <none>

UTLZ-1#3 Error
Resource utilization  - PBlock:ROOT
RAMB36/FIFO over-utilized in Top Level Design (This design requires more RAMB36/FIFO cells than are available in the target device. This design requires 248 of such cell types but only 50 compatible sites are available in the target device. Please analyze your synthesis results and constraints to ensure the design is mapped to Xilinx primitives as expected. If so, please consider targeting a larger device.)ROOT
Related violations: <none>

UTLZ-1#4 Error
Resource utilization  - PBlock:ROOT
RAMB36E1 over-utilized in Top Level Design (This design requires more RAMB36E1 cells than are available in the target device. This design requires 248 of such cell types but only 50 compatible sites are available in the target device. Please analyze your synthesis results and constraints to ensure the design is mapped to Xilinx primitives as expected. If so, please consider targeting a larger device.)ROOT
Related violations: <none>

UTLZ-1#5 Error
Resource utilization  - PBlock:ROOT
Slice LUTs over-utilized in Top Level Design (This design requires more Slice LUTs cells than are available in the target device. This design requires 23487 of such cell types but only 20800 compatible sites are available in the target device. Please analyze your synthesis results and constraints to ensure the design is mapped to Xilinx primitives as expected. If so, please consider targeting a larger device. Please set tcl parameter "drc.disableLUTOverUtilError" to 1 to change this error to warning.)ROOT
Related violations: <none>

CHECK-3#1 Warning
Report rule limit reached  
REQP-1839 rule limit reached: 20 violations have been found.
Related violations: <none>

CHECK-3#2 Warning
Report rule limit reached  
REQP-1840 rule limit reached: 20 violations have been found.
Related violations: <none>

DPIP-1#1 Warning
Input pipelining  
DSP veerwolf/rvtop/veer/exu/i_mul/prod_x0 input veerwolf/rvtop/veer/exu/i_mul/prod_x0/A[29:0] is not pipelined. Pipelining DSP48 input will improve performance.
Related violations: <none>

DPIP-1#2 Warning
Input pipelining  
DSP veerwolf/rvtop/veer/exu/i_mul/prod_x0 input veerwolf/rvtop/veer/exu/i_mul/prod_x0/B[17:0] is not pipelined. Pipelining DSP48 input will improve performance.
Related violations: <none>

DPIP-1#3 Warning
Input pipelining  
DSP veerwolf/rvtop/veer/exu/i_mul/prod_x0__0 input veerwolf/rvtop/veer/exu/i_mul/prod_x0__0/A[29:0] is not pipelined. Pipelining DSP48 input will improve performance.
Related violations: <none>

DPIP-1#4 Warning
Input pipelining  
DSP veerwolf/rvtop/veer/exu/i_mul/prod_x0__0 input veerwolf/rvtop/veer/exu/i_mul/prod_x0__0/B[17:0] is not pipelined. Pipelining DSP48 input will improve performance.
Related violations: <none>

DPIP-1#5 Warning
Input pipelining  
DSP veerwolf/rvtop/veer/exu/i_mul/prod_x0__1 input veerwolf/rvtop/veer/exu/i_mul/prod_x0__1/A[29:0] is not pipelined. Pipelining DSP48 input will improve performance.
Related violations: <none>

DPIP-1#6 Warning
Input pipelining  
DSP veerwolf/rvtop/veer/exu/i_mul/prod_x0__1 input veerwolf/rvtop/veer/exu/i_mul/prod_x0__1/B[17:0] is not pipelined. Pipelining DSP48 input will improve performance.
Related violations: <none>

DPIP-1#7 Warning
Input pipelining  
DSP veerwolf/rvtop/veer/exu/i_mul/prod_x0__2 input veerwolf/rvtop/veer/exu/i_mul/prod_x0__2/B[17:0] is not pipelined. Pipelining DSP48 input will improve performance.
Related violations: <none>

DPOP-1#1 Warning
PREG Output pipelining  
DSP veerwolf/rvtop/veer/exu/i_mul/prod_x0 output veerwolf/rvtop/veer/exu/i_mul/prod_x0/P[47:0] is not pipelined (PREG=0). Pipelining the DSP48 output will improve performance and often saves power so it is suggested whenever possible to fully pipeline this function.  If this DSP48 function was inferred, it is suggested to describe an additional register stage after this function.  If the DSP48 was instantiated in the design, it is suggested to set the PREG attribute to 1.
Related violations: <none>

DPOP-1#2 Warning
PREG Output pipelining  
DSP veerwolf/rvtop/veer/exu/i_mul/prod_x0__0 output veerwolf/rvtop/veer/exu/i_mul/prod_x0__0/P[47:0] is not pipelined (PREG=0). Pipelining the DSP48 output will improve performance and often saves power so it is suggested whenever possible to fully pipeline this function.  If this DSP48 function was inferred, it is suggested to describe an additional register stage after this function.  If the DSP48 was instantiated in the design, it is suggested to set the PREG attribute to 1.
Related violations: <none>

DPOP-1#3 Warning
PREG Output pipelining  
DSP veerwolf/rvtop/veer/exu/i_mul/prod_x0__1 output veerwolf/rvtop/veer/exu/i_mul/prod_x0__1/P[47:0] is not pipelined (PREG=0). Pipelining the DSP48 output will improve performance and often saves power so it is suggested whenever possible to fully pipeline this function.  If this DSP48 function was inferred, it is suggested to describe an additional register stage after this function.  If the DSP48 was instantiated in the design, it is suggested to set the PREG attribute to 1.
Related violations: <none>

DPOP-1#4 Warning
PREG Output pipelining  
DSP veerwolf/rvtop/veer/exu/i_mul/prod_x0__2 output veerwolf/rvtop/veer/exu/i_mul/prod_x0__2/P[47:0] is not pipelined (PREG=0). Pipelining the DSP48 output will improve performance and often saves power so it is suggested whenever possible to fully pipeline this function.  If this DSP48 function was inferred, it is suggested to describe an additional register stage after this function.  If the DSP48 was instantiated in the design, it is suggested to set the PREG attribute to 1.
Related violations: <none>

DPOP-2#1 Warning
MREG Output pipelining  
DSP veerwolf/rvtop/veer/exu/i_mul/prod_x0 multiplier stage veerwolf/rvtop/veer/exu/i_mul/prod_x0/P[47:0] is not pipelined (MREG=0). Pipelining the multiplier function will improve performance and will save significant power so it is suggested whenever possible to fully pipeline this function.  If this multiplier was inferred, it is suggested to describe an additional register stage after this function.  If there is no registered adder/accumulator following the multiply function, two pipeline stages are suggested to allow both the MREG and PREG registers to be used.  If the DSP48 was instantiated in the design, it is suggested to set both the MREG and PREG attributes to 1 when performing multiply functions.
Related violations: <none>

DPOP-2#2 Warning
MREG Output pipelining  
DSP veerwolf/rvtop/veer/exu/i_mul/prod_x0__0 multiplier stage veerwolf/rvtop/veer/exu/i_mul/prod_x0__0/P[47:0] is not pipelined (MREG=0). Pipelining the multiplier function will improve performance and will save significant power so it is suggested whenever possible to fully pipeline this function.  If this multiplier was inferred, it is suggested to describe an additional register stage after this function.  If there is no registered adder/accumulator following the multiply function, two pipeline stages are suggested to allow both the MREG and PREG registers to be used.  If the DSP48 was instantiated in the design, it is suggested to set both the MREG and PREG attributes to 1 when performing multiply functions.
Related violations: <none>

DPOP-2#3 Warning
MREG Output pipelining  
DSP veerwolf/rvtop/veer/exu/i_mul/prod_x0__1 multiplier stage veerwolf/rvtop/veer/exu/i_mul/prod_x0__1/P[47:0] is not pipelined (MREG=0). Pipelining the multiplier function will improve performance and will save significant power so it is suggested whenever possible to fully pipeline this function.  If this multiplier was inferred, it is suggested to describe an additional register stage after this function.  If there is no registered adder/accumulator following the multiply function, two pipeline stages are suggested to allow both the MREG and PREG registers to be used.  If the DSP48 was instantiated in the design, it is suggested to set both the MREG and PREG attributes to 1 when performing multiply functions.
Related violations: <none>

DPOP-2#4 Warning
MREG Output pipelining  
DSP veerwolf/rvtop/veer/exu/i_mul/prod_x0__2 multiplier stage veerwolf/rvtop/veer/exu/i_mul/prod_x0__2/P[47:0] is not pipelined (MREG=0). Pipelining the multiplier function will improve performance and will save significant power so it is suggested whenever possible to fully pipeline this function.  If this multiplier was inferred, it is suggested to describe an additional register stage after this function.  If there is no registered adder/accumulator following the multiply function, two pipeline stages are suggested to allow both the MREG and PREG registers to be used.  If the DSP48 was instantiated in the design, it is suggested to set both the MREG and PREG attributes to 1 when performing multiply functions.
Related violations: <none>

REQP-1839#1 Warning
RAMB36 async control check  
The RAMB36E1 ram/mem_reg_0_0 has an input control pin ram/mem_reg_0_0/ENARDEN (net: ram/mem_wr_en) which is driven by a register (veerwolf/axi_intercon/axi_xbar/gen_mst_port_mux[1].i_axi_mux/gen_mux.i_w_fifo/mem_q_reg[0][0]) that has an active asychronous set or reset. This may cause corruption of the memory contents and/or read values when the set/reset is asserted and is not analyzed by the default static timing analysis. It is suggested to eliminate the use of a set/reset to registers driving this RAMB pin or else use a synchronous reset in which the assertion of the reset is timed by default.
Related violations: <none>

REQP-1839#2 Warning
RAMB36 async control check  
The RAMB36E1 ram/mem_reg_0_0 has an input control pin ram/mem_reg_0_0/ENARDEN (net: ram/mem_wr_en) which is driven by a register (veerwolf/axi_intercon/axi_xbar/gen_mst_port_mux[1].i_axi_mux/gen_mux.i_w_fifo/mem_q_reg[0][1]) that has an active asychronous set or reset. This may cause corruption of the memory contents and/or read values when the set/reset is asserted and is not analyzed by the default static timing analysis. It is suggested to eliminate the use of a set/reset to registers driving this RAMB pin or else use a synchronous reset in which the assertion of the reset is timed by default.
Related violations: <none>

REQP-1839#3 Warning
RAMB36 async control check  
The RAMB36E1 ram/mem_reg_0_0 has an input control pin ram/mem_reg_0_0/ENARDEN (net: ram/mem_wr_en) which is driven by a register (veerwolf/axi_intercon/axi_xbar/gen_mst_port_mux[1].i_axi_mux/gen_mux.i_w_fifo/mem_q_reg[1][0]) that has an active asychronous set or reset. This may cause corruption of the memory contents and/or read values when the set/reset is asserted and is not analyzed by the default static timing analysis. It is suggested to eliminate the use of a set/reset to registers driving this RAMB pin or else use a synchronous reset in which the assertion of the reset is timed by default.
Related violations: <none>

REQP-1839#4 Warning
RAMB36 async control check  
The RAMB36E1 ram/mem_reg_0_0 has an input control pin ram/mem_reg_0_0/ENARDEN (net: ram/mem_wr_en) which is driven by a register (veerwolf/axi_intercon/axi_xbar/gen_mst_port_mux[1].i_axi_mux/gen_mux.i_w_fifo/mem_q_reg[1][1]) that has an active asychronous set or reset. This may cause corruption of the memory contents and/or read values when the set/reset is asserted and is not analyzed by the default static timing analysis. It is suggested to eliminate the use of a set/reset to registers driving this RAMB pin or else use a synchronous reset in which the assertion of the reset is timed by default.
Related violations: <none>

REQP-1839#5 Warning
RAMB36 async control check  
The RAMB36E1 ram/mem_reg_0_0 has an input control pin ram/mem_reg_0_0/ENARDEN (net: ram/mem_wr_en) which is driven by a register (veerwolf/axi_intercon/axi_xbar/gen_mst_port_mux[1].i_axi_mux/gen_mux.i_w_fifo/mem_q_reg[2][0]) that has an active asychronous set or reset. This may cause corruption of the memory contents and/or read values when the set/reset is asserted and is not analyzed by the default static timing analysis. It is suggested to eliminate the use of a set/reset to registers driving this RAMB pin or else use a synchronous reset in which the assertion of the reset is timed by default.
Related violations: <none>

REQP-1839#6 Warning
RAMB36 async control check  
The RAMB36E1 ram/mem_reg_0_0 has an input control pin ram/mem_reg_0_0/ENARDEN (net: ram/mem_wr_en) which is driven by a register (veerwolf/axi_intercon/axi_xbar/gen_mst_port_mux[1].i_axi_mux/gen_mux.i_w_fifo/mem_q_reg[2][1]) that has an active asychronous set or reset. This may cause corruption of the memory contents and/or read values when the set/reset is asserted and is not analyzed by the default static timing analysis. It is suggested to eliminate the use of a set/reset to registers driving this RAMB pin or else use a synchronous reset in which the assertion of the reset is timed by default.
Related violations: <none>

REQP-1839#7 Warning
RAMB36 async control check  
The RAMB36E1 ram/mem_reg_0_0 has an input control pin ram/mem_reg_0_0/ENARDEN (net: ram/mem_wr_en) which is driven by a register (veerwolf/axi_intercon/axi_xbar/gen_mst_port_mux[1].i_axi_mux/gen_mux.i_w_fifo/mem_q_reg[3][0]) that has an active asychronous set or reset. This may cause corruption of the memory contents and/or read values when the set/reset is asserted and is not analyzed by the default static timing analysis. It is suggested to eliminate the use of a set/reset to registers driving this RAMB pin or else use a synchronous reset in which the assertion of the reset is timed by default.
Related violations: <none>

REQP-1839#8 Warning
RAMB36 async control check  
The RAMB36E1 ram/mem_reg_0_0 has an input control pin ram/mem_reg_0_0/ENARDEN (net: ram/mem_wr_en) which is driven by a register (veerwolf/axi_intercon/axi_xbar/gen_mst_port_mux[1].i_axi_mux/gen_mux.i_w_fifo/mem_q_reg[3][1]) that has an active asychronous set or reset. This may cause corruption of the memory contents and/or read values when the set/reset is asserted and is not analyzed by the default static timing analysis. It is suggested to eliminate the use of a set/reset to registers driving this RAMB pin or else use a synchronous reset in which the assertion of the reset is timed by default.
Related violations: <none>

REQP-1839#9 Warning
RAMB36 async control check  
The RAMB36E1 ram/mem_reg_0_0 has an input control pin ram/mem_reg_0_0/ENARDEN (net: ram/mem_wr_en) which is driven by a register (veerwolf/axi_intercon/axi_xbar/gen_mst_port_mux[1].i_axi_mux/gen_mux.i_w_fifo/mem_q_reg[4][0]) that has an active asychronous set or reset. This may cause corruption of the memory contents and/or read values when the set/reset is asserted and is not analyzed by the default static timing analysis. It is suggested to eliminate the use of a set/reset to registers driving this RAMB pin or else use a synchronous reset in which the assertion of the reset is timed by default.
Related violations: <none>

REQP-1839#10 Warning
RAMB36 async control check  
The RAMB36E1 ram/mem_reg_0_0 has an input control pin ram/mem_reg_0_0/ENARDEN (net: ram/mem_wr_en) which is driven by a register (veerwolf/axi_intercon/axi_xbar/gen_mst_port_mux[1].i_axi_mux/gen_mux.i_w_fifo/mem_q_reg[4][1]) that has an active asychronous set or reset. This may cause corruption of the memory contents and/or read values when the set/reset is asserted and is not analyzed by the default static timing analysis. It is suggested to eliminate the use of a set/reset to registers driving this RAMB pin or else use a synchronous reset in which the assertion of the reset is timed by default.
Related violations: <none>

REQP-1839#11 Warning
RAMB36 async control check  
The RAMB36E1 ram/mem_reg_0_0 has an input control pin ram/mem_reg_0_0/ENARDEN (net: ram/mem_wr_en) which is driven by a register (veerwolf/axi_intercon/axi_xbar/gen_mst_port_mux[1].i_axi_mux/gen_mux.i_w_fifo/mem_q_reg[5][0]) that has an active asychronous set or reset. This may cause corruption of the memory contents and/or read values when the set/reset is asserted and is not analyzed by the default static timing analysis. It is suggested to eliminate the use of a set/reset to registers driving this RAMB pin or else use a synchronous reset in which the assertion of the reset is timed by default.
Related violations: <none>

REQP-1839#12 Warning
RAMB36 async control check  
The RAMB36E1 ram/mem_reg_0_0 has an input control pin ram/mem_reg_0_0/ENARDEN (net: ram/mem_wr_en) which is driven by a register (veerwolf/axi_intercon/axi_xbar/gen_mst_port_mux[1].i_axi_mux/gen_mux.i_w_fifo/mem_q_reg[5][1]) that has an active asychronous set or reset. This may cause corruption of the memory contents and/or read values when the set/reset is asserted and is not analyzed by the default static timing analysis. It is suggested to eliminate the use of a set/reset to registers driving this RAMB pin or else use a synchronous reset in which the assertion of the reset is timed by default.
Related violations: <none>

REQP-1839#13 Warning
RAMB36 async control check  
The RAMB36E1 ram/mem_reg_0_0 has an input control pin ram/mem_reg_0_0/ENARDEN (net: ram/mem_wr_en) which is driven by a register (veerwolf/axi_intercon/axi_xbar/gen_slv_port_demux[1].i_axi_demux/gen_demux.i_w_fifo/mem_q_reg[0][0]) that has an active asychronous set or reset. This may cause corruption of the memory contents and/or read values when the set/reset is asserted and is not analyzed by the default static timing analysis. It is suggested to eliminate the use of a set/reset to registers driving this RAMB pin or else use a synchronous reset in which the assertion of the reset is timed by default.
Related violations: <none>

REQP-1839#14 Warning
RAMB36 async control check  
The RAMB36E1 ram/mem_reg_0_0 has an input control pin ram/mem_reg_0_0/ENARDEN (net: ram/mem_wr_en) which is driven by a register (veerwolf/axi_intercon/axi_xbar/gen_slv_port_demux[1].i_axi_demux/gen_demux.i_w_fifo/mem_q_reg[0][1]) that has an active asychronous set or reset. This may cause corruption of the memory contents and/or read values when the set/reset is asserted and is not analyzed by the default static timing analysis. It is suggested to eliminate the use of a set/reset to registers driving this RAMB pin or else use a synchronous reset in which the assertion of the reset is timed by default.
Related violations: <none>

REQP-1839#15 Warning
RAMB36 async control check  
The RAMB36E1 ram/mem_reg_0_0 has an input control pin ram/mem_reg_0_0/ENARDEN (net: ram/mem_wr_en) which is driven by a register (veerwolf/axi_intercon/axi_xbar/gen_slv_port_demux[1].i_axi_demux/gen_demux.i_w_fifo/mem_q_reg[1][0]) that has an active asychronous set or reset. This may cause corruption of the memory contents and/or read values when the set/reset is asserted and is not analyzed by the default static timing analysis. It is suggested to eliminate the use of a set/reset to registers driving this RAMB pin or else use a synchronous reset in which the assertion of the reset is timed by default.
Related violations: <none>

REQP-1839#16 Warning
RAMB36 async control check  
The RAMB36E1 ram/mem_reg_0_0 has an input control pin ram/mem_reg_0_0/ENARDEN (net: ram/mem_wr_en) which is driven by a register (veerwolf/axi_intercon/axi_xbar/gen_slv_port_demux[2].i_axi_demux/gen_demux.i_w_fifo/read_pointer_q_reg[3]) that has an active asychronous set or reset. This may cause corruption of the memory contents and/or read values when the set/reset is asserted and is not analyzed by the default static timing analysis. It is suggested to eliminate the use of a set/reset to registers driving this RAMB pin or else use a synchronous reset in which the assertion of the reset is timed by default.
Related violations: <none>

REQP-1839#17 Warning
RAMB36 async control check  
The RAMB36E1 ram/mem_reg_0_0 has an input control pin ram/mem_reg_0_0/ENARDEN (net: ram/mem_wr_en) which is driven by a register (veerwolf/axi_intercon/axi_xbar/gen_slv_port_demux[2].i_axi_demux/gen_demux.i_w_fifo/status_cnt_q_reg[1]) that has an active asychronous set or reset. This may cause corruption of the memory contents and/or read values when the set/reset is asserted and is not analyzed by the default static timing analysis. It is suggested to eliminate the use of a set/reset to registers driving this RAMB pin or else use a synchronous reset in which the assertion of the reset is timed by default.
Related violations: <none>

REQP-1839#18 Warning
RAMB36 async control check  
The RAMB36E1 ram/mem_reg_0_0 has an input control pin ram/mem_reg_0_0/ENARDEN (net: ram/mem_wr_en) which is driven by a register (veerwolf/axi_intercon/axi_xbar/gen_slv_port_demux[2].i_axi_demux/gen_demux.i_w_fifo/status_cnt_q_reg[2]) that has an active asychronous set or reset. This may cause corruption of the memory contents and/or read values when the set/reset is asserted and is not analyzed by the default static timing analysis. It is suggested to eliminate the use of a set/reset to registers driving this RAMB pin or else use a synchronous reset in which the assertion of the reset is timed by default.
Related violations: <none>

REQP-1839#19 Warning
RAMB36 async control check  
The RAMB36E1 ram/mem_reg_0_0 has an input control pin ram/mem_reg_0_0/ENARDEN (net: ram/mem_wr_en) which is driven by a register (veerwolf/axi_intercon/axi_xbar/gen_slv_port_demux[2].i_axi_demux/gen_demux.i_w_fifo/status_cnt_q_reg[3]) that has an active asychronous set or reset. This may cause corruption of the memory contents and/or read values when the set/reset is asserted and is not analyzed by the default static timing analysis. It is suggested to eliminate the use of a set/reset to registers driving this RAMB pin or else use a synchronous reset in which the assertion of the reset is timed by default.
Related violations: <none>

REQP-1839#20 Warning
RAMB36 async control check  
The RAMB36E1 ram/mem_reg_0_0 has an input control pin ram/mem_reg_0_0/ENARDEN (net: ram/mem_wr_en) which is driven by a register (veerwolf/axi_intercon/axi_xbar/gen_slv_port_demux[2].i_axi_demux/gen_demux.i_w_fifo/status_cnt_q_reg[4]) that has an active asychronous set or reset. This may cause corruption of the memory contents and/or read values when the set/reset is asserted and is not analyzed by the default static timing analysis. It is suggested to eliminate the use of a set/reset to registers driving this RAMB pin or else use a synchronous reset in which the assertion of the reset is timed by default.
Related violations: <none>

REQP-1840#1 Warning
RAMB18 async control check  
The RAMB18E1 veerwolf/rvtop/mem/Gen_dccm_enable.dccm/mem_bank[0].dccm.dccm_bank/ram_core_reg_19 has an input control pin veerwolf/rvtop/mem/Gen_dccm_enable.dccm/mem_bank[0].dccm.dccm_bank/ram_core_reg_19/ADDRARDADDR[13] (net: veerwolf/rvtop/mem/Gen_dccm_enable.dccm/mem_bank[0].dccm.dccm_bank/ram_core_reg_19_0[13]) which is driven by a register (veerwolf/rvtop/mem/Gen_dccm_enable.dccm/rd_addr_hi_ff/dout_reg[0]) that has an active asychronous set or reset. This may cause corruption of the memory contents and/or read values when the set/reset is asserted and is not analyzed by the default static timing analysis. It is suggested to eliminate the use of a set/reset to registers driving this RAMB pin or else use a synchronous reset in which the assertion of the reset is timed by default.
Related violations: <none>

REQP-1840#2 Warning
RAMB18 async control check  
The RAMB18E1 veerwolf/rvtop/mem/Gen_dccm_enable.dccm/mem_bank[0].dccm.dccm_bank/ram_core_reg_19 has an input control pin veerwolf/rvtop/mem/Gen_dccm_enable.dccm/mem_bank[0].dccm.dccm_bank/ram_core_reg_19/ADDRARDADDR[13] (net: veerwolf/rvtop/mem/Gen_dccm_enable.dccm/mem_bank[0].dccm.dccm_bank/ram_core_reg_19_0[13]) which is driven by a register (veerwolf/rvtop/mem/Gen_dccm_enable.dccm/rd_addr_hi_ff/dout_reg[1]) that has an active asychronous set or reset. This may cause corruption of the memory contents and/or read values when the set/reset is asserted and is not analyzed by the default static timing analysis. It is suggested to eliminate the use of a set/reset to registers driving this RAMB pin or else use a synchronous reset in which the assertion of the reset is timed by default.
Related violations: <none>

REQP-1840#3 Warning
RAMB18 async control check  
The RAMB18E1 veerwolf/rvtop/mem/Gen_dccm_enable.dccm/mem_bank[0].dccm.dccm_bank/ram_core_reg_19 has an input control pin veerwolf/rvtop/mem/Gen_dccm_enable.dccm/mem_bank[0].dccm.dccm_bank/ram_core_reg_19/ADDRARDADDR[13] (net: veerwolf/rvtop/mem/Gen_dccm_enable.dccm/mem_bank[0].dccm.dccm_bank/ram_core_reg_19_0[13]) which is driven by a register (veerwolf/rvtop/mem/Gen_dccm_enable.dccm/rd_addr_lo_ff/dout_reg[1]) that has an active asychronous set or reset. This may cause corruption of the memory contents and/or read values when the set/reset is asserted and is not analyzed by the default static timing analysis. It is suggested to eliminate the use of a set/reset to registers driving this RAMB pin or else use a synchronous reset in which the assertion of the reset is timed by default.
Related violations: <none>

REQP-1840#4 Warning
RAMB18 async control check  
The RAMB18E1 veerwolf/rvtop/mem/Gen_dccm_enable.dccm/mem_bank[0].dccm.dccm_bank/ram_core_reg_19 has an input control pin veerwolf/rvtop/mem/Gen_dccm_enable.dccm/mem_bank[0].dccm.dccm_bank/ram_core_reg_19/ADDRARDADDR[13] (net: veerwolf/rvtop/mem/Gen_dccm_enable.dccm/mem_bank[0].dccm.dccm_bank/ram_core_reg_19_0[13]) which is driven by a register (veerwolf/rvtop/veer/dbg/dbg_data0_reg/genblock.genblock.dff/genblock.dffs/dout_reg[0]) that has an active asychronous set or reset. This may cause corruption of the memory contents and/or read values when the set/reset is asserted and is not analyzed by the default static timing analysis. It is suggested to eliminate the use of a set/reset to registers driving this RAMB pin or else use a synchronous reset in which the assertion of the reset is timed by default.
Related violations: <none>

REQP-1840#5 Warning
RAMB18 async control check  
The RAMB18E1 veerwolf/rvtop/mem/Gen_dccm_enable.dccm/mem_bank[0].dccm.dccm_bank/ram_core_reg_19 has an input control pin veerwolf/rvtop/mem/Gen_dccm_enable.dccm/mem_bank[0].dccm.dccm_bank/ram_core_reg_19/ADDRARDADDR[13] (net: veerwolf/rvtop/mem/Gen_dccm_enable.dccm/mem_bank[0].dccm.dccm_bank/ram_core_reg_19_0[13]) which is driven by a register (veerwolf/rvtop/veer/dbg/dbg_data0_reg/genblock.genblock.dff/genblock.dffs/dout_reg[1]) that has an active asychronous set or reset. This may cause corruption of the memory contents and/or read values when the set/reset is asserted and is not analyzed by the default static timing analysis. It is suggested to eliminate the use of a set/reset to registers driving this RAMB pin or else use a synchronous reset in which the assertion of the reset is timed by default.
Related violations: <none>

REQP-1840#6 Warning
RAMB18 async control check  
The RAMB18E1 veerwolf/rvtop/mem/Gen_dccm_enable.dccm/mem_bank[0].dccm.dccm_bank/ram_core_reg_19 has an input control pin veerwolf/rvtop/mem/Gen_dccm_enable.dccm/mem_bank[0].dccm.dccm_bank/ram_core_reg_19/ADDRARDADDR[13] (net: veerwolf/rvtop/mem/Gen_dccm_enable.dccm/mem_bank[0].dccm.dccm_bank/ram_core_reg_19_0[13]) which is driven by a register (veerwolf/rvtop/veer/dbg/dbg_data1_reg/genblock.genblock.dff/genblock.dffs/dout_reg[0]) that has an active asychronous set or reset. This may cause corruption of the memory contents and/or read values when the set/reset is asserted and is not analyzed by the default static timing analysis. It is suggested to eliminate the use of a set/reset to registers driving this RAMB pin or else use a synchronous reset in which the assertion of the reset is timed by default.
Related violations: <none>

REQP-1840#7 Warning
RAMB18 async control check  
The RAMB18E1 veerwolf/rvtop/mem/Gen_dccm_enable.dccm/mem_bank[0].dccm.dccm_bank/ram_core_reg_19 has an input control pin veerwolf/rvtop/mem/Gen_dccm_enable.dccm/mem_bank[0].dccm.dccm_bank/ram_core_reg_19/ADDRARDADDR[13] (net: veerwolf/rvtop/mem/Gen_dccm_enable.dccm/mem_bank[0].dccm.dccm_bank/ram_core_reg_19_0[13]) which is driven by a register (veerwolf/rvtop/veer/dbg/dbg_data1_reg/genblock.genblock.dff/genblock.dffs/dout_reg[10]) that has an active asychronous set or reset. This may cause corruption of the memory contents and/or read values when the set/reset is asserted and is not analyzed by the default static timing analysis. It is suggested to eliminate the use of a set/reset to registers driving this RAMB pin or else use a synchronous reset in which the assertion of the reset is timed by default.
Related violations: <none>

REQP-1840#8 Warning
RAMB18 async control check  
The RAMB18E1 veerwolf/rvtop/mem/Gen_dccm_enable.dccm/mem_bank[0].dccm.dccm_bank/ram_core_reg_19 has an input control pin veerwolf/rvtop/mem/Gen_dccm_enable.dccm/mem_bank[0].dccm.dccm_bank/ram_core_reg_19/ADDRARDADDR[13] (net: veerwolf/rvtop/mem/Gen_dccm_enable.dccm/mem_bank[0].dccm.dccm_bank/ram_core_reg_19_0[13]) which is driven by a register (veerwolf/rvtop/veer/dbg/dbg_data1_reg/genblock.genblock.dff/genblock.dffs/dout_reg[11]) that has an active asychronous set or reset. This may cause corruption of the memory contents and/or read values when the set/reset is asserted and is not analyzed by the default static timing analysis. It is suggested to eliminate the use of a set/reset to registers driving this RAMB pin or else use a synchronous reset in which the assertion of the reset is timed by default.
Related violations: <none>

REQP-1840#9 Warning
RAMB18 async control check  
The RAMB18E1 veerwolf/rvtop/mem/Gen_dccm_enable.dccm/mem_bank[0].dccm.dccm_bank/ram_core_reg_19 has an input control pin veerwolf/rvtop/mem/Gen_dccm_enable.dccm/mem_bank[0].dccm.dccm_bank/ram_core_reg_19/ADDRARDADDR[13] (net: veerwolf/rvtop/mem/Gen_dccm_enable.dccm/mem_bank[0].dccm.dccm_bank/ram_core_reg_19_0[13]) which is driven by a register (veerwolf/rvtop/veer/dbg/dbg_data1_reg/genblock.genblock.dff/genblock.dffs/dout_reg[1]) that has an active asychronous set or reset. This may cause corruption of the memory contents and/or read values when the set/reset is asserted and is not analyzed by the default static timing analysis. It is suggested to eliminate the use of a set/reset to registers driving this RAMB pin or else use a synchronous reset in which the assertion of the reset is timed by default.
Related violations: <none>

REQP-1840#10 Warning
RAMB18 async control check  
The RAMB18E1 veerwolf/rvtop/mem/Gen_dccm_enable.dccm/mem_bank[0].dccm.dccm_bank/ram_core_reg_19 has an input control pin veerwolf/rvtop/mem/Gen_dccm_enable.dccm/mem_bank[0].dccm.dccm_bank/ram_core_reg_19/ADDRARDADDR[13] (net: veerwolf/rvtop/mem/Gen_dccm_enable.dccm/mem_bank[0].dccm.dccm_bank/ram_core_reg_19_0[13]) which is driven by a register (veerwolf/rvtop/veer/dbg/dbg_data1_reg/genblock.genblock.dff/genblock.dffs/dout_reg[29]) that has an active asychronous set or reset. This may cause corruption of the memory contents and/or read values when the set/reset is asserted and is not analyzed by the default static timing analysis. It is suggested to eliminate the use of a set/reset to registers driving this RAMB pin or else use a synchronous reset in which the assertion of the reset is timed by default.
Related violations: <none>

REQP-1840#11 Warning
RAMB18 async control check  
The RAMB18E1 veerwolf/rvtop/mem/Gen_dccm_enable.dccm/mem_bank[0].dccm.dccm_bank/ram_core_reg_19 has an input control pin veerwolf/rvtop/mem/Gen_dccm_enable.dccm/mem_bank[0].dccm.dccm_bank/ram_core_reg_19/ADDRARDADDR[13] (net: veerwolf/rvtop/mem/Gen_dccm_enable.dccm/mem_bank[0].dccm.dccm_bank/ram_core_reg_19_0[13]) which is driven by a register (veerwolf/rvtop/veer/dbg/dbg_data1_reg/genblock.genblock.dff/genblock.dffs/dout_reg[2]) that has an active asychronous set or reset. This may cause corruption of the memory contents and/or read values when the set/reset is asserted and is not analyzed by the default static timing analysis. It is suggested to eliminate the use of a set/reset to registers driving this RAMB pin or else use a synchronous reset in which the assertion of the reset is timed by default.
Related violations: <none>

REQP-1840#12 Warning
RAMB18 async control check  
The RAMB18E1 veerwolf/rvtop/mem/Gen_dccm_enable.dccm/mem_bank[0].dccm.dccm_bank/ram_core_reg_19 has an input control pin veerwolf/rvtop/mem/Gen_dccm_enable.dccm/mem_bank[0].dccm.dccm_bank/ram_core_reg_19/ADDRARDADDR[13] (net: veerwolf/rvtop/mem/Gen_dccm_enable.dccm/mem_bank[0].dccm.dccm_bank/ram_core_reg_19_0[13]) which is driven by a register (veerwolf/rvtop/veer/dbg/dbg_data1_reg/genblock.genblock.dff/genblock.dffs/dout_reg[30]) that has an active asychronous set or reset. This may cause corruption of the memory contents and/or read values when the set/reset is asserted and is not analyzed by the default static timing analysis. It is suggested to eliminate the use of a set/reset to registers driving this RAMB pin or else use a synchronous reset in which the assertion of the reset is timed by default.
Related violations: <none>

REQP-1840#13 Warning
RAMB18 async control check  
The RAMB18E1 veerwolf/rvtop/mem/Gen_dccm_enable.dccm/mem_bank[0].dccm.dccm_bank/ram_core_reg_19 has an input control pin veerwolf/rvtop/mem/Gen_dccm_enable.dccm/mem_bank[0].dccm.dccm_bank/ram_core_reg_19/ADDRARDADDR[13] (net: veerwolf/rvtop/mem/Gen_dccm_enable.dccm/mem_bank[0].dccm.dccm_bank/ram_core_reg_19_0[13]) which is driven by a register (veerwolf/rvtop/veer/dbg/dbg_data1_reg/genblock.genblock.dff/genblock.dffs/dout_reg[31]) that has an active asychronous set or reset. This may cause corruption of the memory contents and/or read values when the set/reset is asserted and is not analyzed by the default static timing analysis. It is suggested to eliminate the use of a set/reset to registers driving this RAMB pin or else use a synchronous reset in which the assertion of the reset is timed by default.
Related violations: <none>

REQP-1840#14 Warning
RAMB18 async control check  
The RAMB18E1 veerwolf/rvtop/mem/Gen_dccm_enable.dccm/mem_bank[0].dccm.dccm_bank/ram_core_reg_19 has an input control pin veerwolf/rvtop/mem/Gen_dccm_enable.dccm/mem_bank[0].dccm.dccm_bank/ram_core_reg_19/ADDRARDADDR[13] (net: veerwolf/rvtop/mem/Gen_dccm_enable.dccm/mem_bank[0].dccm.dccm_bank/ram_core_reg_19_0[13]) which is driven by a register (veerwolf/rvtop/veer/dbg/dbg_data1_reg/genblock.genblock.dff/genblock.dffs/dout_reg[3]) that has an active asychronous set or reset. This may cause corruption of the memory contents and/or read values when the set/reset is asserted and is not analyzed by the default static timing analysis. It is suggested to eliminate the use of a set/reset to registers driving this RAMB pin or else use a synchronous reset in which the assertion of the reset is timed by default.
Related violations: <none>

REQP-1840#15 Warning
RAMB18 async control check  
The RAMB18E1 veerwolf/rvtop/mem/Gen_dccm_enable.dccm/mem_bank[0].dccm.dccm_bank/ram_core_reg_19 has an input control pin veerwolf/rvtop/mem/Gen_dccm_enable.dccm/mem_bank[0].dccm.dccm_bank/ram_core_reg_19/ADDRARDADDR[13] (net: veerwolf/rvtop/mem/Gen_dccm_enable.dccm/mem_bank[0].dccm.dccm_bank/ram_core_reg_19_0[13]) which is driven by a register (veerwolf/rvtop/veer/dbg/dbg_data1_reg/genblock.genblock.dff/genblock.dffs/dout_reg[4]) that has an active asychronous set or reset. This may cause corruption of the memory contents and/or read values when the set/reset is asserted and is not analyzed by the default static timing analysis. It is suggested to eliminate the use of a set/reset to registers driving this RAMB pin or else use a synchronous reset in which the assertion of the reset is timed by default.
Related violations: <none>

REQP-1840#16 Warning
RAMB18 async control check  
The RAMB18E1 veerwolf/rvtop/mem/Gen_dccm_enable.dccm/mem_bank[0].dccm.dccm_bank/ram_core_reg_19 has an input control pin veerwolf/rvtop/mem/Gen_dccm_enable.dccm/mem_bank[0].dccm.dccm_bank/ram_core_reg_19/ADDRARDADDR[13] (net: veerwolf/rvtop/mem/Gen_dccm_enable.dccm/mem_bank[0].dccm.dccm_bank/ram_core_reg_19_0[13]) which is driven by a register (veerwolf/rvtop/veer/dbg/dbg_data1_reg/genblock.genblock.dff/genblock.dffs/dout_reg[5]) that has an active asychronous set or reset. This may cause corruption of the memory contents and/or read values when the set/reset is asserted and is not analyzed by the default static timing analysis. It is suggested to eliminate the use of a set/reset to registers driving this RAMB pin or else use a synchronous reset in which the assertion of the reset is timed by default.
Related violations: <none>

REQP-1840#17 Warning
RAMB18 async control check  
The RAMB18E1 veerwolf/rvtop/mem/Gen_dccm_enable.dccm/mem_bank[0].dccm.dccm_bank/ram_core_reg_19 has an input control pin veerwolf/rvtop/mem/Gen_dccm_enable.dccm/mem_bank[0].dccm.dccm_bank/ram_core_reg_19/ADDRARDADDR[13] (net: veerwolf/rvtop/mem/Gen_dccm_enable.dccm/mem_bank[0].dccm.dccm_bank/ram_core_reg_19_0[13]) which is driven by a register (veerwolf/rvtop/veer/dbg/dmabstractcs_error_reg/dout_reg[0]) that has an active asychronous set or reset. This may cause corruption of the memory contents and/or read values when the set/reset is asserted and is not analyzed by the default static timing analysis. It is suggested to eliminate the use of a set/reset to registers driving this RAMB pin or else use a synchronous reset in which the assertion of the reset is timed by default.
Related violations: <none>

REQP-1840#18 Warning
RAMB18 async control check  
The RAMB18E1 veerwolf/rvtop/mem/Gen_dccm_enable.dccm/mem_bank[0].dccm.dccm_bank/ram_core_reg_19 has an input control pin veerwolf/rvtop/mem/Gen_dccm_enable.dccm/mem_bank[0].dccm.dccm_bank/ram_core_reg_19/ADDRARDADDR[13] (net: veerwolf/rvtop/mem/Gen_dccm_enable.dccm/mem_bank[0].dccm.dccm_bank/ram_core_reg_19_0[13]) which is driven by a register (veerwolf/rvtop/veer/dbg/dmabstractcs_error_reg/dout_reg[1]) that has an active asychronous set or reset. This may cause corruption of the memory contents and/or read values when the set/reset is asserted and is not analyzed by the default static timing analysis. It is suggested to eliminate the use of a set/reset to registers driving this RAMB pin or else use a synchronous reset in which the assertion of the reset is timed by default.
Related violations: <none>

REQP-1840#19 Warning
RAMB18 async control check  
The RAMB18E1 veerwolf/rvtop/mem/Gen_dccm_enable.dccm/mem_bank[0].dccm.dccm_bank/ram_core_reg_19 has an input control pin veerwolf/rvtop/mem/Gen_dccm_enable.dccm/mem_bank[0].dccm.dccm_bank/ram_core_reg_19/ADDRARDADDR[13] (net: veerwolf/rvtop/mem/Gen_dccm_enable.dccm/mem_bank[0].dccm.dccm_bank/ram_core_reg_19_0[13]) which is driven by a register (veerwolf/rvtop/veer/dbg/dmabstractcs_error_reg/dout_reg[2]) that has an active asychronous set or reset. This may cause corruption of the memory contents and/or read values when the set/reset is asserted and is not analyzed by the default static timing analysis. It is suggested to eliminate the use of a set/reset to registers driving this RAMB pin or else use a synchronous reset in which the assertion of the reset is timed by default.
Related violations: <none>

REQP-1840#20 Warning
RAMB18 async control check  
The RAMB18E1 veerwolf/rvtop/mem/Gen_dccm_enable.dccm/mem_bank[0].dccm.dccm_bank/ram_core_reg_19 has an input control pin veerwolf/rvtop/mem/Gen_dccm_enable.dccm/mem_bank[0].dccm.dccm_bank/ram_core_reg_19/ADDRARDADDR[13] (net: veerwolf/rvtop/mem/Gen_dccm_enable.dccm/mem_bank[0].dccm.dccm_bank/ram_core_reg_19_0[13]) which is driven by a register (veerwolf/rvtop/veer/dbg/dmcontrol_wrenff/dout_reg[0]) that has an active asychronous set or reset. This may cause corruption of the memory contents and/or read values when the set/reset is asserted and is not analyzed by the default static timing analysis. It is suggested to eliminate the use of a set/reset to registers driving this RAMB pin or else use a synchronous reset in which the assertion of the reset is timed by default.
Related violations: <none>


